2018-04-02 16:10:24.076  INFO 9936 --- [main] com.example.demo.DemoApplicationTests    : Starting DemoApplicationTests on LAPTOP-BV675RMP with PID 9936 (started by 联想 in C:\Users\联想\IdeaProjects\homework)
2018-04-02 16:10:24.137  INFO 9936 --- [main] com.example.demo.DemoApplicationTests    : No active profile set, falling back to default profiles: default
2018-04-02 16:10:24.277  INFO 9936 --- [main] o.s.w.c.s.GenericWebApplicationContext   : Refreshing org.springframework.web.context.support.GenericWebApplicationContext@15043a2f: startup date [Mon Apr 02 16:10:24 CST 2018]; root of context hierarchy
2018-04-02 16:10:28.324  INFO 9936 --- [main] s.w.s.m.m.a.RequestMappingHandlerAdapter : Looking for @ControllerAdvice: org.springframework.web.context.support.GenericWebApplicationContext@15043a2f: startup date [Mon Apr 02 16:10:24 CST 2018]; root of context hierarchy
2018-04-02 16:10:28.523  INFO 9936 --- [main] s.w.s.m.m.a.RequestMappingHandlerMapping : Mapped "{[/article],methods=[GET]}" onto public java.util.Vector com.example.demo.helloController.getArticle(java.lang.String,java.lang.String,java.lang.String)
2018-04-02 16:10:28.539  INFO 9936 --- [main] s.w.s.m.m.a.RequestMappingHandlerMapping : Mapped "{[/error]}" onto public org.springframework.http.ResponseEntity<java.util.Map<java.lang.String, java.lang.Object>> org.springframework.boot.autoconfigure.web.servlet.error.BasicErrorController.error(javax.servlet.http.HttpServletRequest)
2018-04-02 16:10:28.539  INFO 9936 --- [main] s.w.s.m.m.a.RequestMappingHandlerMapping : Mapped "{[/error],produces=[text/html]}" onto public org.springframework.web.servlet.ModelAndView org.springframework.boot.autoconfigure.web.servlet.error.BasicErrorController.errorHtml(javax.servlet.http.HttpServletRequest,javax.servlet.http.HttpServletResponse)
2018-04-02 16:10:28.647  INFO 9936 --- [main] o.s.w.s.handler.SimpleUrlHandlerMapping  : Mapped URL path [/webjars/**] onto handler of type [class org.springframework.web.servlet.resource.ResourceHttpRequestHandler]
2018-04-02 16:10:28.651  INFO 9936 --- [main] o.s.w.s.handler.SimpleUrlHandlerMapping  : Mapped URL path [/**] onto handler of type [class org.springframework.web.servlet.resource.ResourceHttpRequestHandler]
2018-04-02 16:10:28.791  INFO 9936 --- [main] o.s.w.s.handler.SimpleUrlHandlerMapping  : Mapped URL path [/**/favicon.ico] onto handler of type [class org.springframework.web.servlet.resource.ResourceHttpRequestHandler]
2018-04-02 16:10:29.776  INFO 9936 --- [main] com.example.demo.DemoApplicationTests    : Started DemoApplicationTests in 6.823 seconds (JVM running for 12.83)
2018-04-02 16:10:30.133  INFO 9936 --- [main] com.example.demo.helloController         : 输入：[ filename:dictionary, word1:cat, word2:hat ]
2018-04-02 16:10:30.468  INFO 9936 --- [Thread-2] o.s.w.c.s.GenericWebApplicationContext   : Closing org.springframework.web.context.support.GenericWebApplicationContext@15043a2f: startup date [Mon Apr 02 16:10:24 CST 2018]; root of context hierarchy
2018-04-02 16:56:02.527  INFO 6808 --- [main] com.example.demo.DemoApplication         : Starting DemoApplication on LAPTOP-BV675RMP with PID 6808 (started by 联想 in C:\Users\联想\IdeaProjects\homework)
2018-04-02 16:56:02.532  INFO 6808 --- [main] com.example.demo.DemoApplication         : No active profile set, falling back to default profiles: default
2018-04-02 16:56:02.581  INFO 6808 --- [main] ConfigServletWebServerApplicationContext : Refreshing org.springframework.boot.web.servlet.context.AnnotationConfigServletWebServerApplicationContext@769e7ee8: startup date [Mon Apr 02 16:56:02 CST 2018]; root of context hierarchy
2018-04-02 16:56:03.699  INFO 6808 --- [main] o.s.b.w.embedded.tomcat.TomcatWebServer  : Tomcat initialized with port(s): 8080 (http)
2018-04-02 16:56:03.715  INFO 6808 --- [main] o.apache.catalina.core.StandardService   : Starting service [Tomcat]
2018-04-02 16:56:03.715  INFO 6808 --- [main] org.apache.catalina.core.StandardEngine  : Starting Servlet Engine: Apache Tomcat/8.5.28
2018-04-02 16:56:03.715  INFO 6808 --- [localhost-startStop-1] o.a.catalina.core.AprLifecycleListener   : The APR based Apache Tomcat Native library which allows optimal performance in production environments was not found on the java.library.path: [C:\Program Files\Java\jdk1.8.0_131\bin;C:\WINDOWS\Sun\Java\bin;C:\WINDOWS\system32;C:\WINDOWS;C:\ProgramData\Oracle\Java\javapath;C:\Python27;C:\WINDOWS;C:\WINDOWS\System32\Wbem;C:\WINDOWS\System32\WindowsPowerShell\v1.0\;C:\Program Files (x86)\Common Files\lenovo\easyplussdk\bin;C:\Program Files\Intel\WiFi\bin\;C:\Program Files\Common Files\Intel\WirelessCommon\;C:\Program Files\Microsoft SQL Server\130\Tools\Binn\;C:\WINDOWS\system32;C:\Program Files (x86)\Windows Kits\8.1\Windows Performance Toolkit\;C:\Program Files\nodejs\;C:\Program Files\MySQL\MySQL Utilities 1.6\;C:\Users\联想\Documents;C:\Program Files\Microsoft VS Code\bin;C:\Users\联想\AppData\Roaming\npm;.]
2018-04-02 16:56:04.553  INFO 6808 --- [localhost-startStop-1] o.a.c.c.C.[Tomcat].[localhost].[/]       : Initializing Spring embedded WebApplicationContext
2018-04-02 16:56:04.553  INFO 6808 --- [localhost-startStop-1] o.s.web.context.ContextLoader            : Root WebApplicationContext: initialization completed in 1972 ms
2018-04-02 16:56:04.685  INFO 6808 --- [localhost-startStop-1] o.s.b.w.servlet.ServletRegistrationBean  : Servlet dispatcherServlet mapped to [/]
2018-04-02 16:56:04.701  INFO 6808 --- [localhost-startStop-1] o.s.b.w.servlet.FilterRegistrationBean   : Mapping filter: 'characterEncodingFilter' to: [/*]
2018-04-02 16:56:04.701  INFO 6808 --- [localhost-startStop-1] o.s.b.w.servlet.FilterRegistrationBean   : Mapping filter: 'hiddenHttpMethodFilter' to: [/*]
2018-04-02 16:56:04.701  INFO 6808 --- [localhost-startStop-1] o.s.b.w.servlet.FilterRegistrationBean   : Mapping filter: 'httpPutFormContentFilter' to: [/*]
2018-04-02 16:56:04.701  INFO 6808 --- [localhost-startStop-1] o.s.b.w.servlet.FilterRegistrationBean   : Mapping filter: 'requestContextFilter' to: [/*]
2018-04-02 16:56:05.070  INFO 6808 --- [main] s.w.s.m.m.a.RequestMappingHandlerAdapter : Looking for @ControllerAdvice: org.springframework.boot.web.servlet.context.AnnotationConfigServletWebServerApplicationContext@769e7ee8: startup date [Mon Apr 02 16:56:02 CST 2018]; root of context hierarchy
2018-04-02 16:56:05.155  INFO 6808 --- [main] s.w.s.m.m.a.RequestMappingHandlerMapping : Mapped "{[/article],methods=[GET]}" onto public java.util.Vector com.example.demo.helloController.getArticle(java.lang.String,java.lang.String,java.lang.String)
2018-04-02 16:56:05.155  INFO 6808 --- [main] s.w.s.m.m.a.RequestMappingHandlerMapping : Mapped "{[/error]}" onto public org.springframework.http.ResponseEntity<java.util.Map<java.lang.String, java.lang.Object>> org.springframework.boot.autoconfigure.web.servlet.error.BasicErrorController.error(javax.servlet.http.HttpServletRequest)
2018-04-02 16:56:05.155  INFO 6808 --- [main] s.w.s.m.m.a.RequestMappingHandlerMapping : Mapped "{[/error],produces=[text/html]}" onto public org.springframework.web.servlet.ModelAndView org.springframework.boot.autoconfigure.web.servlet.error.BasicErrorController.errorHtml(javax.servlet.http.HttpServletRequest,javax.servlet.http.HttpServletResponse)
2018-04-02 16:56:05.202  INFO 6808 --- [main] o.s.w.s.handler.SimpleUrlHandlerMapping  : Mapped URL path [/webjars/**] onto handler of type [class org.springframework.web.servlet.resource.ResourceHttpRequestHandler]
2018-04-02 16:56:05.202  INFO 6808 --- [main] o.s.w.s.handler.SimpleUrlHandlerMapping  : Mapped URL path [/**] onto handler of type [class org.springframework.web.servlet.resource.ResourceHttpRequestHandler]
2018-04-02 16:56:05.238  INFO 6808 --- [main] o.s.w.s.handler.SimpleUrlHandlerMapping  : Mapped URL path [/**/favicon.ico] onto handler of type [class org.springframework.web.servlet.resource.ResourceHttpRequestHandler]
2018-04-02 16:56:05.371  INFO 6808 --- [main] o.s.j.e.a.AnnotationMBeanExporter        : Registering beans for JMX exposure on startup
2018-04-02 16:56:05.436  INFO 6808 --- [main] o.s.b.w.embedded.tomcat.TomcatWebServer  : Tomcat started on port(s): 8080 (http) with context path ''
2018-04-02 16:56:05.440  INFO 6808 --- [main] com.example.demo.DemoApplication         : Started DemoApplication in 3.344 seconds (JVM running for 6.58)
